<?xml version="1.0" encoding="UTF-8"?>
<testng-results ignored="0" total="1" passed="1" failed="0" skipped="0">
  <reporter-output>
  </reporter-output>
  <suite started-at="2024-06-13T19:01:11 IST" name="Default suite" finished-at="2024-06-13T19:01:29 IST" duration-ms="18567">
    <groups>
    </groups>
    <test started-at="2024-06-13T19:01:11 IST" name="Default test" finished-at="2024-06-13T19:01:29 IST" duration-ms="18567">
      <class name="tespkg.Testcls">
        <test-method is-config="true" signature="set()[pri:0, instance:tespkg.Testcls@63376bed]" started-at="2024-06-13T19:01:11 IST" name="set" finished-at="2024-06-13T19:01:21 IST" duration-ms="9745" status="PASS">
          <reporter-output>
          </reporter-output>
        </test-method> <!-- set -->
        <test-method signature="items()[pri:0, instance:tespkg.Testcls@63376bed]" started-at="2024-06-13T19:01:21 IST" name="items" finished-at="2024-06-13T19:01:29 IST" duration-ms="8682" status="PASS">
          <reporter-output>
          </reporter-output>
        </test-method> <!-- items -->
      </class> <!-- tespkg.Testcls -->
    </test> <!-- Default test -->
  </suite> <!-- Default suite -->
</testng-results>
